2022-09-22 13:45:05 INFO  INETBANKING_TC_001   - url is opened
  2022-09-22 13:45:05 INFO  INETBANKING_TC_001   - username entered
  2022-09-22 13:45:06 INFO  INETBANKING_TC_001   - password entered
  2022-09-22 13:45:10 INFO  INETBANKING_TC_001   - clicked on submit
  2022-09-22 13:45:10 INFO  INETBANKING_TC_001   - Test case passed
  2022-09-22 17:03:46 INFO  INETBANKING   - url is opened
  2022-09-22 17:03:49 INFO  INETBANKING   - username entered
  2022-09-22 17:03:49 INFO  INETBANKING   - password entered
  2022-09-22 17:03:53 INFO  INETBANKING   - clicked on submit
  2022-09-22 17:03:53 INFO  INETBANKING   - Test case passed
  2022-09-22 17:33:57 INFO  INETBANKING   - url is opened
  2022-09-22 17:34:00 INFO  INETBANKING   - username entered
  2022-09-22 17:34:01 INFO  INETBANKING   - password entered
  2022-09-22 17:34:07 INFO  INETBANKING   - clicked on submit
  2022-09-22 17:34:07 INFO  INETBANKING   - Test case passed
  2022-09-22 17:41:07 INFO  INETBANKING   - url is opened
  2022-09-22 17:41:09 INFO  INETBANKING   - username entered
  2022-09-22 17:41:09 INFO  INETBANKING   - password entered
  2022-09-22 17:41:13 INFO  INETBANKING   - clicked on submit
  2022-09-22 17:41:13 INFO  INETBANKING   - Test case passed
  2022-09-22 17:45:49 INFO  INETBANKING   - url is opened
  2022-09-22 17:45:49 INFO  INETBANKING   - username entered
  2022-09-22 17:45:49 INFO  INETBANKING   - password entered
  2022-09-22 17:45:55 INFO  INETBANKING   - clicked on submit
  2022-09-22 17:45:55 INFO  INETBANKING   - Test case passed
  2022-09-22 17:47:34 INFO  INETBANKING :14 - url is opened
n  2022-09-22 17:47:34 INFO  INETBANKING :17 - username entered
n  2022-09-22 17:47:34 INFO  INETBANKING :19 - password entered
n  2022-09-22 17:47:42 INFO  INETBANKING :21 - clicked on submit
n  2022-09-22 17:47:42 INFO  INETBANKING :24 - Test case passed
n  2022-09-22 17:49:41 INFO  ebanking:14 - url is opened
n  2022-09-22 17:49:41 INFO  ebanking:17 - username entered
n  2022-09-22 17:49:41 INFO  ebanking:19 - password entered
n  2022-09-22 17:49:44 INFO  ebanking:21 - clicked on submit
n  2022-09-22 17:49:44 INFO  ebanking:24 - Test case passed
n  2022-09-22 17:52:23 INFO       ebanking:14 - url is opened
n  2022-09-22 17:52:24 INFO       ebanking:17 - username entered
n  2022-09-22 17:52:24 INFO       ebanking:19 - password entered
n  2022-09-22 17:52:32 INFO       ebanking:21 - clicked on submit
n  2022-09-22 17:52:33 INFO       ebanking:24 - Test case passed
n  2022-09-22 17:59:32 INFO  ebanking:14 - url is opened
  2022-09-22 17:59:35 INFO  ebanking:17 - username entered
  2022-09-22 17:59:36 INFO  ebanking:19 - password entered
  2022-09-22 17:59:40 INFO  ebanking:21 - clicked on submit
  2022-09-22 17:59:40 INFO  ebanking:24 - Test case passed
  2022-09-22 18:05:32 INFO  ebanking:14 - url is opened
  2022-09-22 18:05:33 INFO  ebanking:17 - username entered
  2022-09-22 18:05:33 INFO  ebanking:19 - password entered
  2022-09-22 18:05:36 INFO  ebanking:21 - clicked on submit
  2022-09-22 18:05:36 INFO  ebanking:24 - Test case passed
  2022-09-22 18:07:27 INFO  ebanking:14 - url is opened
  2022-09-22 18:07:32 INFO  ebanking:17 - username entered
  2022-09-22 18:07:32 INFO  ebanking:19 - password entered
  2022-09-22 18:07:38 INFO  ebanking:21 - clicked on submit
  2022-09-22 18:07:38 INFO  ebanking:24 - Test case passed
  2022-09-22 18:11:26 INFO  ebanking:14 - url is opened
  2022-09-22 18:11:31 INFO  ebanking:17 - username entered
  2022-09-22 18:11:31 INFO  ebanking:19 - password entered
  2022-09-22 18:11:37 INFO  ebanking:21 - clicked on submit
  2022-09-22 18:11:37 INFO  ebanking:24 - Test case passed
  2022-09-22 18:21:21 INFO  ebanking:14 - url is opened
  2022-09-22 18:21:28 INFO  ebanking:17 - username entered
  2022-09-22 18:21:32 INFO  ebanking:19 - password entered
  2022-09-22 18:21:42 INFO  ebanking:21 - clicked on submit
  2022-09-22 18:21:43 INFO  ebanking:24 - Test case passed
  2022-09-22 18:23:42 INFO  ebanking:14 - url is opened
  2022-09-22 18:23:43 INFO  ebanking:17 - username entered
  2022-09-22 18:23:43 INFO  ebanking:19 - password entered
  2022-09-22 18:23:46 INFO  ebanking:21 - clicked on submit
  2022-09-22 18:23:46 INFO  ebanking:24 - Test case passed
  2022-09-22 18:38:32 INFO  ebanking:14 - url is opened
  2022-09-22 18:38:34 INFO  ebanking:17 - username entered
  2022-09-22 18:38:34 INFO  ebanking:19 - password entered
  2022-09-22 18:38:39 INFO  ebanking:21 - clicked on submit
  2022-09-22 18:38:39 INFO  ebanking:24 - Test case passed
  2022-09-22 18:40:05 INFO  ebanking:14 - url is opened
  2022-09-22 18:40:05 INFO  ebanking:17 - username entered
  2022-09-22 18:40:05 INFO  ebanking:19 - password entered
  2022-09-22 18:40:08 INFO  ebanking:21 - clicked on submit
  2022-09-22 18:40:08 INFO  ebanking:24 - Test case passed
  2022-09-22 18:42:52 INFO  ebanking:14 - url is opened
  2022-09-22 18:42:52 INFO  ebanking:17 - username entered
  2022-09-22 18:42:52 INFO  ebanking:19 - password entered
  2022-09-22 18:42:55 INFO  ebanking:21 - clicked on submit
  2022-09-22 18:42:55 INFO  ebanking:24 - Test case passed
  2022-09-22 18:44:16 INFO  ebanking:14 - url is opened
  2022-09-22 18:44:16 INFO  ebanking:17 - username entered
  2022-09-22 18:44:16 INFO  ebanking:19 - password entered
  2022-09-22 18:44:19 INFO  ebanking:21 - clicked on submit
  2022-09-22 18:44:19 INFO  ebanking:24 - Test case passed
  2022-09-22 18:46:36 INFO [main] (TC_LoginTest_001.java:14) - url is opened
  2022-09-22 18:46:36 INFO [main] (TC_LoginTest_001.java:17) - username entered
  2022-09-22 18:46:36 INFO [main] (TC_LoginTest_001.java:19) - password entered
  2022-09-22 18:46:39 INFO [main] (TC_LoginTest_001.java:21) - clicked on submit
  2022-09-22 18:46:39 INFO [main] (TC_LoginTest_001.java:24) - Test case passed
  2022-09-23 10:27:35 INFO [main] (TC_LoginTest_001.java:14) - url is opened
  2022-09-23 10:27:38 INFO [main] (TC_LoginTest_001.java:17) - username entered
  2022-09-23 10:27:38 INFO [main] (TC_LoginTest_001.java:19) - password entered
  2022-09-23 10:27:42 INFO [main] (TC_LoginTest_001.java:21) - clicked on submit
  2022-09-23 10:27:43 INFO [main] (TC_LoginTest_001.java:24) - Test case passed
  2022-09-23 10:46:40 INFO [main] (TC_LoginTest_001.java:14) - url is opened
  2022-09-23 10:47:17 INFO [main] (TC_LoginTest_001.java:14) - url is opened
  2022-09-23 10:47:19 INFO [main] (TC_LoginTest_001.java:17) - username entered
  2022-09-23 10:47:19 INFO [main] (TC_LoginTest_001.java:19) - password entered
  2022-09-23 10:47:23 INFO [main] (TC_LoginTest_001.java:21) - clicked on submit
  2022-09-23 10:47:23 INFO [main] (TC_LoginTest_001.java:24) - Test case passed
  2022-09-23 11:04:27 INFO [main] (TC_LoginTest_001.java:14) - url is opened
  2022-09-23 11:04:29 INFO [main] (TC_LoginTest_001.java:17) - username entered
  2022-09-23 11:04:29 INFO [main] (TC_LoginTest_001.java:19) - password entered
  2022-09-23 11:04:33 INFO [main] (TC_LoginTest_001.java:21) - clicked on submit
  2022-09-23 11:04:33 INFO [main] (TC_LoginTest_001.java:24) - Test case passed
  2022-09-23 11:13:53 INFO [main] (TC_LoginTest_001.java:14) - url is opened
  2022-09-23 11:13:54 INFO [main] (TC_LoginTest_001.java:17) - username entered
  2022-09-23 11:13:54 INFO [main] (TC_LoginTest_001.java:19) - password entered
  2022-09-23 11:13:58 INFO [main] (TC_LoginTest_001.java:21) - clicked on submit
  2022-09-23 11:13:58 INFO [main] (TC_LoginTest_001.java:24) - Test case passed
  2022-09-23 11:23:47 INFO [main] (TC_LoginTest_001.java:14) - url is opened
  2022-09-23 11:23:49 INFO [main] (TC_LoginTest_001.java:17) - username entered
  2022-09-23 11:23:49 INFO [main] (TC_LoginTest_001.java:19) - password entered
  2022-09-23 11:23:52 INFO [main] (TC_LoginTest_001.java:21) - clicked on submit
  2022-09-23 11:23:52 INFO [main] (TC_LoginTest_001.java:24) - Test case passed
  2022-09-23 11:29:24 INFO [main] (TC_LoginTest_001.java:14) - url is opened
  2022-09-23 11:29:25 INFO [main] (TC_LoginTest_001.java:17) - username entered
  2022-09-23 11:29:26 INFO [main] (TC_LoginTest_001.java:19) - password entered
  2022-09-23 11:29:29 INFO [main] (TC_LoginTest_001.java:21) - clicked on submit
  2022-09-23 11:29:29 INFO [main] (TC_LoginTest_001.java:24) - Test case passed
  2022-09-23 11:33:51 INFO [main] (TC_LoginTest_001.java:14) - url is opened
  2022-09-23 11:33:51 INFO [main] (TC_LoginTest_001.java:17) - username entered
  2022-09-23 11:33:51 INFO [main] (TC_LoginTest_001.java:19) - password entered
  2022-09-23 11:33:54 INFO [main] (TC_LoginTest_001.java:21) - clicked on submit
  2022-09-23 11:33:54 INFO [main] (TC_LoginTest_001.java:24) - Test case passed
  2022-09-23 11:34:54 INFO [main] (TC_LoginTest_001.java:14) - url is opened
  2022-09-23 11:34:55 INFO [main] (TC_LoginTest_001.java:17) - username entered
  2022-09-23 11:34:55 INFO [main] (TC_LoginTest_001.java:19) - password entered
  2022-09-23 11:34:58 INFO [main] (TC_LoginTest_001.java:21) - clicked on submit
  2022-09-23 11:34:58 INFO [main] (TC_LoginTest_001.java:24) - Test case passed
  2022-09-23 11:40:03 INFO [main] (TC_LoginTest_001.java:14) - url is opened
  2022-09-23 11:40:03 INFO [main] (TC_LoginTest_001.java:17) - username entered
  2022-09-23 11:40:03 INFO [main] (TC_LoginTest_001.java:19) - password entered
  2022-09-23 11:40:11 INFO [main] (TC_LoginTest_001.java:21) - clicked on submit
  2022-09-23 11:40:11 INFO [main] (TC_LoginTest_001.java:24) - Test case passed
  2022-09-23 12:27:35 INFO [main] (TC_LoginTest_001.java:14) - url is opened
  2022-09-23 12:27:41 INFO [main] (TC_LoginTest_001.java:17) - username entered
  2022-09-23 12:27:42 INFO [main] (TC_LoginTest_001.java:19) - password entered
  2022-09-23 12:27:48 INFO [main] (TC_LoginTest_001.java:21) - clicked on submit
  2022-09-23 12:27:48 INFO [main] (TC_LoginTest_001.java:24) - Test case passed
  2022-09-23 12:39:54 INFO [main] (TC_LoginTest_001.java:14) - url is opened
  2022-09-23 12:39:57 INFO [main] (TC_LoginTest_001.java:17) - username entered
  2022-09-23 12:39:57 INFO [main] (TC_LoginTest_001.java:19) - password entered
  2022-09-23 12:40:03 INFO [main] (TC_LoginTest_001.java:21) - clicked on submit
  2022-09-23 12:40:03 INFO [main] (TC_LoginTest_001.java:24) - Test case passed
  2022-09-23 12:57:35 INFO [main] (TC_LoginTest_001.java:14) - url is opened
  2022-09-23 12:57:37 INFO [main] (TC_LoginTest_001.java:17) - username entered
  2022-09-23 12:57:38 INFO [main] (TC_LoginTest_001.java:19) - password entered
  2022-09-23 12:57:41 INFO [main] (TC_LoginTest_001.java:21) - clicked on submit
  2022-09-23 12:57:41 INFO [main] (TC_LoginTest_001.java:24) - Test case passed
  2022-09-23 13:00:29 INFO [main] (TC_LoginTest_001.java:14) - url is opened
  2022-09-23 13:00:29 INFO [main] (TC_LoginTest_001.java:17) - username entered
  2022-09-23 13:00:29 INFO [main] (TC_LoginTest_001.java:19) - password entered
  2022-09-23 13:00:33 INFO [main] (TC_LoginTest_001.java:21) - clicked on submit
  2022-09-23 13:00:33 INFO [main] (TC_LoginTest_001.java:24) - Test case passed
  2022-09-23 13:02:03 INFO [main] (TC_LoginTest_001.java:14) - url is opened
  2022-09-23 13:02:03 INFO [main] (TC_LoginTest_001.java:17) - username entered
  2022-09-23 13:02:03 INFO [main] (TC_LoginTest_001.java:19) - password entered
  2022-09-23 13:02:06 INFO [main] (TC_LoginTest_001.java:21) - clicked on submit
  2022-09-23 13:02:06 INFO [main] (TC_LoginTest_001.java:24) - Test case passed
  2022-09-23 13:56:23 INFO [main] (TC_LoginTest_001.java:14) - url is opened
  2022-09-23 13:56:27 INFO [main] (TC_LoginTest_001.java:17) - username entered
  2022-09-23 13:56:27 INFO [main] (TC_LoginTest_001.java:19) - password entered
  2022-09-23 13:56:31 INFO [main] (TC_LoginTest_001.java:21) - clicked on submit
  2022-09-23 13:56:31 INFO [main] (TC_LoginTest_001.java:24) - Test case passed
  2022-09-23 14:20:02 INFO [main] (TC_LoginTest_001.java:14) - url is opened
  2022-09-23 14:20:03 INFO [main] (TC_LoginTest_001.java:17) - username entered
  2022-09-23 14:20:03 INFO [main] (TC_LoginTest_001.java:19) - password entered
  2022-09-23 14:20:08 INFO [main] (TC_LoginTest_001.java:21) - clicked on submit
  2022-09-23 14:20:08 INFO [main] (TC_LoginTest_001.java:24) - Test case passed
  2022-09-23 14:25:12 INFO [main] (TC_LoginTest_001.java:14) - url is opened
  2022-09-23 14:25:17 INFO [main] (TC_LoginTest_001.java:17) - username entered
  2022-09-23 14:25:17 INFO [main] (TC_LoginTest_001.java:19) - password entered
  2022-09-23 14:25:21 INFO [main] (TC_LoginTest_001.java:21) - clicked on submit
  2022-09-23 14:25:21 INFO [main] (TC_LoginTest_001.java:24) - Test case passed
  2022-09-23 14:25:21 INFO [main] (TC_LoginTest_001.java:31) - url is opened
  2022-09-23 15:14:34 INFO [main] (TC_LoginTest_001.java:14) - url is opened
  2022-09-23 15:14:38 INFO [main] (TC_LoginTest_001.java:17) - username entered
  2022-09-23 15:14:39 INFO [main] (TC_LoginTest_001.java:19) - password entered
  2022-09-23 15:14:46 INFO [main] (TC_LoginTest_001.java:21) - clicked on submit
  2022-09-23 15:14:46 INFO [main] (TC_LoginTest_001.java:24) - Test case passed
  2022-09-23 15:14:46 INFO [main] (TC_LoginTest_001.java:31) - url is opened
  2022-09-23 15:19:10 INFO [main] (TC_LoginTest_001.java:14) - url is opened
  2022-09-23 15:19:11 INFO [main] (TC_LoginTest_001.java:17) - username entered
  2022-09-23 15:19:11 INFO [main] (TC_LoginTest_001.java:19) - password entered
  2022-09-23 15:19:13 INFO [main] (TC_LoginTest_001.java:21) - clicked on submit
  2022-09-23 15:19:13 INFO [main] (TC_LoginTest_001.java:24) - Test case passed
  2022-09-23 15:19:26 INFO [main] (TC_LoginTest_002.java:15) - url is opened
  2022-09-23 15:19:26 INFO [main] (TC_LoginTest_002.java:18) - username entered
  2022-09-23 15:19:26 INFO [main] (TC_LoginTest_002.java:20) - password entered
  2022-09-23 15:19:34 INFO [main] (TC_LoginTest_002.java:22) - clicked on submit
  2022-09-23 15:31:01 INFO [main] (TC_LoginTest_001.java:14) - url is opened
  2022-09-23 15:31:01 INFO [main] (TC_LoginTest_001.java:17) - username entered
  2022-09-23 15:31:01 INFO [main] (TC_LoginTest_001.java:19) - password entered
  2022-09-23 15:31:06 INFO [main] (TC_LoginTest_001.java:21) - clicked on submit
  2022-09-23 15:31:06 INFO [main] (TC_LoginTest_001.java:24) - Test case passed
  2022-09-23 15:31:23 INFO [main] (TC_LoginTest_002.java:15) - url is opened
  2022-09-23 15:31:23 INFO [main] (TC_LoginTest_002.java:18) - username entered
  2022-09-23 15:31:23 INFO [main] (TC_LoginTest_002.java:20) - password entered
  2022-09-23 15:31:29 INFO [main] (TC_LoginTest_002.java:22) - clicked on submit
  2022-09-25 11:35:16 INFO [main] (TC_LoginTest_001.java:14) - url is opened
  2022-09-25 11:35:23 INFO [main] (TC_LoginTest_001.java:17) - username entered
  2022-09-25 11:35:23 INFO [main] (TC_LoginTest_001.java:19) - password entered
  2022-09-25 11:35:37 INFO [main] (TC_LoginTest_001.java:21) - clicked on submit
  2022-09-25 11:35:37 INFO [main] (TC_LoginTest_001.java:24) - Test case passed
  2022-09-25 11:49:48 INFO [main] (TC_LoginTest_001.java:14) - url is opened
  2022-09-25 11:49:49 INFO [main] (TC_LoginTest_001.java:17) - username entered
  2022-09-25 11:49:51 INFO [main] (TC_LoginTest_001.java:19) - password entered
  2022-09-25 11:49:54 INFO [main] (TC_LoginTest_001.java:21) - clicked on submit
  2022-09-25 11:49:54 INFO [main] (TC_LoginTest_001.java:24) - Test case passed
  2022-09-25 12:05:06 INFO [main] (TC_LoginTest_002.java:22) - username entered
  2022-09-25 12:05:06 INFO [main] (TC_LoginTest_002.java:24) - password entered
  2022-09-25 12:05:16 INFO [main] (TC_LoginTest_002.java:38) - Login passed
  2022-09-25 12:05:27 INFO [main] (TC_LoginTest_002.java:22) - username entered
  2022-09-25 12:05:27 INFO [main] (TC_LoginTest_002.java:24) - password entered
  2022-09-25 12:05:34 INFO [main] (TC_LoginTest_002.java:22) - username entered
  2022-09-25 12:05:36 INFO [main] (TC_LoginTest_002.java:24) - password entered
  2022-09-25 12:05:39 INFO [main] (TC_LoginTest_002.java:22) - username entered
  2022-09-25 12:05:39 INFO [main] (TC_LoginTest_002.java:24) - password entered
  2022-09-25 12:05:45 INFO [main] (TC_LoginTest_002.java:38) - Login passed
  2022-09-25 12:05:50 INFO [main] (TC_LoginTest_002.java:22) - username entered
  2022-09-25 12:05:50 INFO [main] (TC_LoginTest_002.java:24) - password entered
  2022-09-25 15:16:47 INFO [main] (TC_LoginTest_001.java:16) - url is opened
  2022-09-25 15:16:50 INFO [main] (TC_LoginTest_001.java:19) - username entered
  2022-09-25 15:16:50 INFO [main] (TC_LoginTest_001.java:21) - password entered
  2022-09-25 15:17:14 INFO [main] (TC_LoginTest_001.java:23) - clicked on submit
  2022-09-26 10:06:24 INFO [main] (TC_LoginTest_002.java:22) - username entered
  2022-09-26 10:06:24 INFO [main] (TC_LoginTest_002.java:24) - password entered
  2022-09-26 10:06:30 INFO [main] (TC_LoginTest_002.java:38) - Login passed
  2022-09-26 10:06:34 INFO [main] (TC_LoginTest_002.java:22) - username entered
  2022-09-26 10:06:34 INFO [main] (TC_LoginTest_002.java:24) - password entered
  2022-09-26 10:06:38 INFO [main] (TC_LoginTest_002.java:22) - username entered
  2022-09-26 10:06:38 INFO [main] (TC_LoginTest_002.java:24) - password entered
  2022-09-26 10:06:42 INFO [main] (TC_LoginTest_002.java:22) - username entered
  2022-09-26 10:06:43 INFO [main] (TC_LoginTest_002.java:24) - password entered
  2022-09-26 10:06:45 INFO [main] (TC_LoginTest_002.java:38) - Login passed
  2022-09-26 10:06:49 INFO [main] (TC_LoginTest_002.java:22) - username entered
  2022-09-26 10:06:49 INFO [main] (TC_LoginTest_002.java:24) - password entered
  2022-09-26 10:07:22 INFO [main] (TC_LoginTest_001.java:16) - url is opened
  2022-09-26 10:07:22 INFO [main] (TC_LoginTest_001.java:19) - username entered
  2022-09-26 10:07:22 INFO [main] (TC_LoginTest_001.java:21) - password entered
  2022-09-26 10:07:26 INFO [main] (TC_LoginTest_001.java:23) - clicked on submit
  2022-09-26 11:50:53 INFO [main] (TC_AddCustomerTest_003.java:19) - UserName is Provided
  2022-09-26 11:50:53 INFO [main] (TC_AddCustomerTest_003.java:21) - Password is Provided
  2022-09-26 11:51:00 INFO [main] (TC_AddCustomerTest_003.java:28) - Providing Customer details....
  2022-09-26 11:56:08 INFO [main] (TC_AddCustomerTest_003.java:19) - UserName is Provided
  2022-09-26 11:56:08 INFO [main] (TC_AddCustomerTest_003.java:21) - Password is Provided
  2022-09-26 11:56:11 INFO [main] (TC_AddCustomerTest_003.java:28) - Providing Customer details....
  2022-09-26 11:58:46 INFO [main] (TC_AddCustomerTest_003.java:19) - UserName is Provided
  2022-09-26 11:58:46 INFO [main] (TC_AddCustomerTest_003.java:21) - Password is Provided
  2022-09-26 11:58:56 INFO [main] (TC_AddCustomerTest_003.java:28) - Providing Customer details....
  2022-09-26 12:01:21 INFO [main] (TC_AddCustomerTest_003.java:19) - UserName is Provided
  2022-09-26 12:01:21 INFO [main] (TC_AddCustomerTest_003.java:21) - Password is Provided
  2022-09-26 12:01:29 INFO [main] (TC_AddCustomerTest_003.java:28) - Providing Customer details....
  2022-09-26 12:03:29 INFO [main] (TC_AddCustomerTest_003.java:19) - UserName is Provided
  2022-09-26 12:03:29 INFO [main] (TC_AddCustomerTest_003.java:21) - Password is Provided
  2022-09-26 12:03:36 INFO [main] (TC_AddCustomerTest_003.java:28) - Providing Customer details....
  2022-09-26 12:04:52 INFO [main] (TC_AddCustomerTest_003.java:19) - UserName is Provided
  2022-09-26 12:04:53 INFO [main] (TC_AddCustomerTest_003.java:21) - Password is Provided
  2022-09-26 12:04:59 INFO [main] (TC_AddCustomerTest_003.java:28) - Providing Customer details....
  2022-09-26 12:20:01 INFO [main] (TC_AddCustomerTest_003.java:21) - UserName is Provided
  2022-09-26 12:20:01 INFO [main] (TC_AddCustomerTest_003.java:23) - Password is Provided
  2022-09-26 12:20:16 INFO [main] (TC_AddCustomerTest_003.java:30) - Providing Customer details....
  2022-09-26 12:29:20 INFO [main] (TC_LoginTest_002.java:22) - username entered
  2022-09-26 12:29:20 INFO [main] (TC_LoginTest_002.java:24) - password entered
  2022-09-26 12:29:25 INFO [main] (TC_LoginTest_002.java:38) - Login passed
  2022-09-26 12:29:31 INFO [main] (TC_LoginTest_002.java:22) - username entered
  2022-09-26 12:29:31 INFO [main] (TC_LoginTest_002.java:24) - password entered
  2022-09-26 12:29:35 INFO [main] (TC_LoginTest_002.java:22) - username entered
  2022-09-26 12:29:35 INFO [main] (TC_LoginTest_002.java:24) - password entered
  2022-09-26 12:29:40 INFO [main] (TC_LoginTest_002.java:22) - username entered
  2022-09-26 12:29:40 INFO [main] (TC_LoginTest_002.java:24) - password entered
  2022-09-26 12:29:43 INFO [main] (TC_LoginTest_002.java:38) - Login passed
  2022-09-26 12:29:48 INFO [main] (TC_LoginTest_002.java:22) - username entered
  2022-09-26 12:29:48 INFO [main] (TC_LoginTest_002.java:24) - password entered
  2022-09-26 12:30:17 INFO [main] (TC_LoginTest_001.java:16) - url is opened
  2022-09-26 12:30:17 INFO [main] (TC_LoginTest_001.java:19) - username entered
  2022-09-26 12:30:17 INFO [main] (TC_LoginTest_001.java:21) - password entered
  2022-09-26 12:30:20 INFO [main] (TC_LoginTest_001.java:23) - clicked on submit
  2022-09-26 12:30:20 INFO [main] (TC_LoginTest_001.java:28) - Test case passed
  2022-09-26 12:30:34 INFO [main] (TC_AddCustomerTest_003.java:21) - UserName is Provided
  2022-09-26 12:30:34 INFO [main] (TC_AddCustomerTest_003.java:23) - Password is Provided
  2022-09-26 12:30:38 INFO [main] (TC_AddCustomerTest_003.java:30) - Providing Customer details....
  2022-09-26 12:33:13 INFO [main] (TC_AddCustomerTest_003.java:21) - UserName is Provided
  2022-09-26 12:33:13 INFO [main] (TC_AddCustomerTest_003.java:23) - Password is Provided
  2022-09-26 12:33:17 INFO [main] (TC_AddCustomerTest_003.java:30) - Providing Customer details....
  2022-09-26 12:36:12 INFO [main] (TC_AddCustomerTest_003.java:21) - UserName is Provided
  2022-09-26 12:36:13 INFO [main] (TC_AddCustomerTest_003.java:23) - Password is Provided
  2022-09-26 12:36:16 INFO [main] (TC_AddCustomerTest_003.java:30) - Providing Customer details....
  2022-09-26 12:41:08 INFO [main] (TC_AddCustomerTest_003.java:21) - UserName is Provided
  2022-09-26 12:41:08 INFO [main] (TC_AddCustomerTest_003.java:23) - Password is Provided
  2022-09-26 12:41:15 INFO [main] (TC_AddCustomerTest_003.java:30) - Providing Customer details....
  2022-09-26 12:43:42 INFO [main] (TC_AddCustomerTest_003.java:21) - UserName is Provided
  2022-09-26 12:43:42 INFO [main] (TC_AddCustomerTest_003.java:23) - Password is Provided
  2022-09-26 12:43:50 INFO [main] (TC_AddCustomerTest_003.java:30) - Providing Customer details....
  2022-09-26 16:55:41 INFO [main] (TC_LoginTest_002.java:22) - username entered
  2022-09-26 16:55:41 INFO [main] (TC_LoginTest_002.java:24) - password entered
  2022-09-26 16:55:46 INFO [main] (TC_LoginTest_002.java:38) - Login passed
  2022-09-26 16:55:52 INFO [main] (TC_LoginTest_002.java:22) - username entered
  2022-09-26 16:55:52 INFO [main] (TC_LoginTest_002.java:24) - password entered
  2022-09-26 16:55:56 INFO [main] (TC_LoginTest_002.java:22) - username entered
  2022-09-26 16:55:56 INFO [main] (TC_LoginTest_002.java:24) - password entered
  2022-09-26 16:56:01 INFO [main] (TC_LoginTest_002.java:22) - username entered
  2022-09-26 16:56:03 INFO [main] (TC_LoginTest_002.java:24) - password entered
  2022-09-26 16:56:08 INFO [main] (TC_LoginTest_002.java:38) - Login passed
  2022-09-26 16:56:14 INFO [main] (TC_LoginTest_002.java:22) - username entered
  2022-09-26 16:56:14 INFO [main] (TC_LoginTest_002.java:24) - password entered
  2022-09-26 16:56:58 INFO [main] (TC_LoginTest_001.java:16) - url is opened
  2022-09-26 16:56:59 INFO [main] (TC_LoginTest_001.java:19) - username entered
  2022-09-26 16:56:59 INFO [main] (TC_LoginTest_001.java:21) - password entered
  2022-09-26 16:56:59 INFO [main] (TC_LoginTest_001.java:23) - clicked on submit
  2022-09-26 17:02:01 INFO [main] (TC_LoginTest_001.java:16) - url is opened
  2022-09-26 17:02:10 INFO [main] (TC_LoginTest_001.java:19) - username entered
  2022-09-26 17:02:11 INFO [main] (TC_LoginTest_001.java:21) - password entered
  2022-09-26 17:02:15 INFO [main] (TC_LoginTest_001.java:23) - clicked on submit
  2022-09-26 17:02:15 INFO [main] (TC_LoginTest_001.java:28) - Test case passed
  2022-09-26 17:46:31 INFO [main] (TC_LoginTest_001.java:16) - url is opened
  2022-09-26 17:46:32 INFO [main] (TC_LoginTest_001.java:19) - username entered
  2022-09-26 17:46:33 INFO [main] (TC_LoginTest_001.java:21) - password entered
  2022-09-26 17:46:36 INFO [main] (TC_LoginTest_001.java:23) - clicked on submit
  2022-09-26 17:46:36 INFO [main] (TC_LoginTest_001.java:28) - Test case passed
  2022-09-26 18:05:31 INFO [main] (TC_LoginTest_001.java:16) - url is opened
  2022-09-26 18:05:32 INFO [main] (TC_LoginTest_001.java:19) - username entered
  2022-09-26 18:05:32 INFO [main] (TC_LoginTest_001.java:21) - password entered
  2022-09-26 18:05:35 INFO [main] (TC_LoginTest_001.java:23) - clicked on submit
  2022-09-26 18:05:35 INFO [main] (TC_LoginTest_001.java:28) - Test case passed
  2022-09-26 19:35:25 INFO [main] (TC_LoginTest_001.java:16) - url is opened
  2022-09-26 19:35:32 INFO [main] (TC_LoginTest_001.java:19) - username entered
  2022-09-26 19:35:32 INFO [main] (TC_LoginTest_001.java:21) - password entered
  2022-09-26 19:35:39 INFO [main] (TC_LoginTest_001.java:23) - clicked on submit
  2022-09-26 19:35:39 INFO [main] (TC_LoginTest_001.java:28) - Test case passed
  2022-09-27 09:23:39 INFO [main] (TC_LoginTest_001.java:16) - url is opened
  2022-09-27 09:23:44 INFO [main] (TC_LoginTest_001.java:19) - username entered
  2022-09-27 09:23:44 INFO [main] (TC_LoginTest_001.java:21) - password entered
  2022-09-27 09:23:51 INFO [main] (TC_LoginTest_001.java:23) - clicked on submit
  2022-09-27 09:23:51 INFO [main] (TC_LoginTest_001.java:28) - Test case passed
  2022-09-27 09:49:09 INFO [main] (TC_LoginTest_001.java:16) - url is opened
  2022-09-27 09:49:09 INFO [main] (TC_LoginTest_001.java:19) - username entered
  2022-09-27 09:49:10 INFO [main] (TC_LoginTest_001.java:21) - password entered
  2022-09-27 09:49:13 INFO [main] (TC_LoginTest_001.java:23) - clicked on submit
  2022-09-27 09:49:13 INFO [main] (TC_LoginTest_001.java:28) - Test case passed
  2022-09-27 09:51:10 INFO [main] (TC_LoginTest_001.java:16) - url is opened
  2022-09-27 09:51:10 INFO [main] (TC_LoginTest_001.java:19) - username entered
  2022-09-27 09:51:10 INFO [main] (TC_LoginTest_001.java:21) - password entered
  2022-09-27 09:51:13 INFO [main] (TC_LoginTest_001.java:23) - clicked on submit
  2022-09-27 09:51:13 INFO [main] (TC_LoginTest_001.java:28) - Test case passed
  2022-09-27 09:56:54 INFO [main] (TC_LoginTest_001.java:16) - url is opened
  2022-09-27 09:57:01 INFO [main] (TC_LoginTest_001.java:19) - username entered
  2022-09-27 09:57:02 INFO [main] (TC_LoginTest_001.java:21) - password entered
  2022-09-27 09:57:15 INFO [main] (TC_LoginTest_001.java:23) - clicked on submit
  2022-09-27 09:57:15 INFO [main] (TC_LoginTest_001.java:28) - Test case passed
  2022-09-27 10:03:17 INFO [main] (TC_LoginTest_001.java:16) - url is opened
  2022-09-27 10:03:20 INFO [main] (TC_LoginTest_001.java:19) - username entered
  2022-09-27 10:03:20 INFO [main] (TC_LoginTest_001.java:21) - password entered
  2022-09-27 10:03:27 INFO [main] (TC_LoginTest_001.java:23) - clicked on submit
  2022-09-27 10:03:27 INFO [main] (TC_LoginTest_001.java:28) - Test case passed
  2022-09-27 10:09:07 INFO [main] (TC_LoginTest_001.java:16) - url is opened
  2022-09-27 10:09:09 INFO [main] (TC_LoginTest_001.java:19) - username entered
  2022-09-27 10:09:09 INFO [main] (TC_LoginTest_001.java:21) - password entered
  2022-09-27 10:09:16 INFO [main] (TC_LoginTest_001.java:23) - clicked on submit
  2022-09-27 10:09:16 INFO [main] (TC_LoginTest_001.java:28) - Test case passed
  2022-09-27 18:13:20 INFO [main] (TC_LoginTest_001.java:16) - url is opened
  2022-09-27 18:13:25 INFO [main] (TC_LoginTest_001.java:19) - username entered
  2022-09-27 18:13:26 INFO [main] (TC_LoginTest_001.java:21) - password entered
  2022-09-27 18:13:41 INFO [main] (TC_LoginTest_001.java:23) - clicked on submit
  2022-09-27 18:13:41 INFO [main] (TC_LoginTest_001.java:28) - Test case passed
  2022-09-28 10:29:13 INFO [main] (TC_LoginTest_001.java:16) - url is opened
  2022-09-28 10:29:22 INFO [main] (TC_LoginTest_001.java:19) - username entered
  2022-09-28 10:29:22 INFO [main] (TC_LoginTest_001.java:21) - password entered
  2022-09-28 10:29:29 INFO [main] (TC_LoginTest_001.java:23) - clicked on submit
  2022-09-28 10:29:29 INFO [main] (TC_LoginTest_001.java:28) - Test case passed
  